Compiled jquery.js  (0ms)  (pid 5660)
Compiled jquery_ujs.js  (0ms)  (pid 5660)
Compiled easySlider1.5.js  (0ms)  (pid 5660)
Compiled jquery-1.2.3.min.js  (0ms)  (pid 5660)
Compiled jquery-1.8.0.min.js  (15ms)  (pid 5660)
Compiled jquery-ui-1.8.23.custom.min.js  (0ms)  (pid 5660)
Compiled jquery.easing.min.js  (0ms)  (pid 5660)
Compiled jquery.lavalamp.min.js  (0ms)  (pid 5660)
Compiled main.js  (0ms)  (pid 5660)
Compiled main.js  (2355ms)  (pid 5660)
Compiled application.js  (2932ms)  (pid 5660)
Compiled jquery-ui-1.8.23.custom.css  (0ms)  (pid 5660)
Compiled jquery-ui-1.9.1.custom.css  (0ms)  (pid 5660)
Compiled jquery-ui-1.9.1.custom.min.css  (0ms)  (pid 5660)
Compiled lavalamp.css  (15ms)  (pid 5660)
Compiled main.css  (249ms)  (pid 5660)
Compiled style.css  (0ms)  (pid 5660)
Compiled application.css  (1357ms)  (pid 5660)
Compiled jquery.js  (0ms)  (pid 3092)
Compiled jquery_ujs.js  (0ms)  (pid 3092)
Compiled easySlider1.5.js  (0ms)  (pid 3092)
Compiled jquery-1.2.3.min.js  (0ms)  (pid 3092)
Compiled jquery-1.8.0.min.js  (0ms)  (pid 3092)
Compiled jquery-ui-1.8.23.custom.min.js  (0ms)  (pid 3092)
Compiled jquery.easing.min.js  (0ms)  (pid 3092)
Compiled jquery.lavalamp.min.js  (0ms)  (pid 3092)
Compiled main.js  (0ms)  (pid 3092)
Compiled main.js  (1794ms)  (pid 3092)
Compiled application.js  (2745ms)  (pid 3092)
Compiled jquery-ui-1.8.23.custom.css  (0ms)  (pid 3092)
Compiled jquery-ui-1.9.1.custom.css  (0ms)  (pid 3092)
Compiled jquery-ui-1.9.1.custom.min.css  (0ms)  (pid 3092)
Compiled lavalamp.css  (0ms)  (pid 3092)
Compiled main.css  (78ms)  (pid 3092)
Compiled style.css  (0ms)  (pid 3092)
Compiled application.css  (390ms)  (pid 3092)
